g3n6/build/outputs/logs/manifest-merger-debug-report.txt
-- Merging decision tree log ---
manifest
ADDED from src\main\AndroidManifest.xml:2:1-47:12
	package
		ADDED from src\main\AndroidManifest.xml:3:5-69
		INJECTED from src\main\AndroidManifest.xml
		INJECTED from src\main\AndroidManifest.xml
	android:versionName
		ADDED from src\main\AndroidManifest.xml:5:5-30
		INJECTED from src\main\AndroidManifest.xml
		INJECTED from src\main\AndroidManifest.xml
	android:versionCode
		ADDED from src\main\AndroidManifest.xml:4:5-28
		INJECTED from src\main\AndroidManifest.xml
		INJECTED from src\main\AndroidManifest.xml
	xmlns:android
		ADDED from src\main\AndroidManifest.xml:2:11-69
uses-sdk
ADDED from src\main\AndroidManifest.xml:7:5-9:41
MERGED from [com.android.support:multidex:1.0.1] AndroidManifest.xml:18:5-42
	android:targetSdkVersion
		ADDED from src\main\AndroidManifest.xml:9:9-38
		INJECTED from src\main\AndroidManifest.xml
		INJECTED from src\main\AndroidManifest.xml
	android:minSdkVersion
		ADDED from src\main\AndroidManifest.xml:8:9-35
		INJECTED from src\main\AndroidManifest.xml
		INJECTED from src\main\AndroidManifest.xml
uses-feature#android.software.live_wallpaper
ADDED from src\main\AndroidManifest.xml:11:5-13:35
	android:required
		ADDED from src\main\AndroidManifest.xml:13:9-32
	android:name
		ADDED from src\main\AndroidManifest.xml:12:9-55
application
ADDED from src\main\AndroidManifest.xml:15:5-45:19
	android:label
		ADDED from src\main\AndroidManifest.xml:18:9-41
	android:allowBackup
		ADDED from src\main\AndroidManifest.xml:16:9-35
	android:icon
		ADDED from src\main\AndroidManifest.xml:17:9-45
service#mobi.infolife.ezweahter.livewallpaper.brokenscreen2017.BrokenWallpaperService
ADDED from src\main\AndroidManifest.xml:19:9-34:19
	android:enabled
		ADDED from src\main\AndroidManifest.xml:22:13-35
	android:label
		ADDED from src\main\AndroidManifest.xml:24:13-45
	android:exported
		ADDED from src\main\AndroidManifest.xml:23:13-36
	android:permission
		ADDED from src\main\AndroidManifest.xml:25:13-67
	android:name
		ADDED from src\main\AndroidManifest.xml:20:13-105
intent-filter#android.service.wallpaper.WallpaperService
ADDED from src\main\AndroidManifest.xml:26:13-28:29
action#android.service.wallpaper.WallpaperService
ADDED from src\main\AndroidManifest.xml:27:17-85
	android:name
		ADDED from src\main\AndroidManifest.xml:27:25-82
meta-data#android.service.wallpaper
ADDED from src\main\AndroidManifest.xml:30:13-33:25
	android:resource
		ADDED from src\main\AndroidManifest.xml:32:17-50
	android:name
		ADDED from src\main\AndroidManifest.xml:31:17-57
activity#mobi.infolife.ezweahter.livewallpaper.brokenscreen2017.BrokenWallpaperActivity
ADDED from src\main\AndroidManifest.xml:36:9-44:20
	android:label
		ADDED from src\main\AndroidManifest.xml:39:13-68
	android:exported
		ADDED from src\main\AndroidManifest.xml:38:13-36
	android:name
		ADDED from src\main\AndroidManifest.xml:37:13-106
intent-filter#android.intent.action.MAIN+android.intent.category.LAUNCHER
ADDED from src\main\AndroidManifest.xml:40:13-43:29
action#android.intent.action.MAIN
ADDED from src\main\AndroidManifest.xml:41:17-68
	android:name
		ADDED from src\main\AndroidManifest.xml:41:25-66
category#android.intent.category.LAUNCHER
ADDED from src\main\AndroidManifest.xml:42:17-76
	android:name
		ADDED from src\main\AndroidManifest.xml:42:27-74